<?xml version="1.0" encoding="UTF-8"?>
<testsuite name="com.github.peterchen82.mybatis.service.ArtcleServiceTest" time="0.882" tests="17" errors="0" skipped="0" failures="0">
  <properties>
[...]
</properties>
  <testcase name="testSaveMany" classname="com.github.peterchen82.mybatis.service.ArtcleServiceTest" time="0.03"/>
  <testcase name="testGetArtcles" classname="com.github.peterchen82.mybatis.service.ArtcleServiceTest" time="0.054"/>
  <testcase name="testSaveManyForIdNotNull" classname="com.github.peterchen82.mybatis.service.ArtcleServiceTest" time="0.073"/>
  <testcase name="testSaveAndGetOne" classname="com.github.peterchen82.mybatis.service.ArtcleServiceTest" time="0.046"/>
  <testcase name="testGetArtclesCache" classname="com.github.peterchen82.mybatis.service.ArtcleServiceTest" time="0.161"/>
  <testcase name="testDeleteAll" classname="com.github.peterchen82.mybatis.service.ArtcleServiceTest" time="0.046"/>
  <testcase name="testSaveManyForCreatedNotNull" classname="com.github.peterchen82.mybatis.service.ArtcleServiceTest" time="0.057"/>
  <testcase name="testDeleteForZero" classname="com.github.peterchen82.mybatis.service.ArtcleServiceTest" time="0.032"/>
  <testcase name="testSaveManyForNull" classname="com.github.peterchen82.mybatis.service.ArtcleServiceTest" time="0.052"/>
  <testcase name="testSaveManyForZero" classname="com.github.peterchen82.mybatis.service.ArtcleServiceTest" time="0.044"/>
  <testcase name="testUpdateForIdIsNull" classname="com.github.peterchen82.mybatis.service.ArtcleServiceTest" time="0.024"/>
  <testcase name="testUpdateForIdIsZero" classname="com.github.peterchen82.mybatis.service.ArtcleServiceTest" time="0.043"/>
  <testcase name="testDelete" classname="com.github.peterchen82.mybatis.service.ArtcleServiceTest" time="0.059"/>
  <testcase name="testDeleteForIdNull" classname="com.github.peterchen82.mybatis.service.ArtcleServiceTest" time="0.051"/>
  <testcase name="testSaveCustomId" classname="com.github.peterchen82.mybatis.service.ArtcleServiceTest" time="0.021"/>
  <testcase name="testSaveCustomCreated" classname="com.github.peterchen82.mybatis.service.ArtcleServiceTest" time="0.042"/>
  <testcase name="testUpdate" classname="com.github.peterchen82.mybatis.service.ArtcleServiceTest" time="0.047"/>
</testsuite>